[  00000 Itilizig ro subs ust
[    0.000000] Initalincgro ssy cpu
[  0.0000 Itiizing ro sbsys cuat
[  0.000] Luxersion 4.40-5-neric uid@lcy01md-00) (c rson 5.4 26009 (unu .40-6ubuu16.4.10) #1-UbuntuMPonAug 270::01 UT20 (bunt4.0-35.161enic4.4.0)[    0000]Commanli: OOT_IMGE=/bo/vlinuz-4.135-nec oot=BEcludim-rtf ro nse=ty1 nse=ty
  0.000000] KERNEL suppoedcps:
[    0.000000]   Intel GenuineIntel
[    0.000000] AD thentiMD
[   00000] Ceau Cenauau
[    00000 x/f: tatefft[]:  6,stte_ses]:256
[   .000] x86/fp: pprtingSA fate 01 'x8 fatg pontegters'  0.0000 x/fpuSuoring XSE atre 0x02: 'SSE registers'
[    0.000000] x86/fpu: uprtg XSAVfeure 0x: VXregistrs
[   0.000 x6/fpu:naed xste atres x7coext zes 32byes, si 'stanar fmat.[  0.0000]82: BIOSroded phic RM map:[   0.000]IOS-82 [m 0x0000000000000000-0x000000000009fbff] usable
[    0.000000] BIOS-e820: [mem 0x000000000009fc00-0x000000000009ffff] reserved
[    0.000000] BIOS-e820: [mem 0x00000000000f0000-0x00000000000fffff] reserved
[    0.000000] BIOS-e820: [mem 0x0000000000100000-0x000000003ffeffff] usable
[    0.000000] BIOS-e820: [mem 0x000000003fff0000-0x000000003fffffff] ACPI data
[    0.000000] BIOS-e820: [mem 0x00000000fec00000-0x00000000fec00fff] reserved
[    0.000000] BIOS-e820: [mem 0x00000000fee00000-0x00000000fee00fff] reserved
[    0.000000] BIOS-e820: [mem 0x00000000fffc0000-0x00000000ffffffff] reserved
[    0.000000] NX (Execute Disable) protection: active
[    0.000000] SMBIOS 2.5 present.
[    0.000000] Hypervisor detected: KVM
[    0.000000] e820: last_pfn = 0x3fff0 max_arch_pfn = 0x400000000
[    0.000000] MTRR: Disabled
[    0.000000 x/P: MTRsisle, skpi PT iniazaion o.[   0.00] CPU TR a blank- rtalizesyem.
  0.00000] x6/T:Configuration [0-7]: WB  WT  UC- UC  WB  WT  UC- UC  
[    0.000000] found SMP MP-table at [mem 0x0009fff0-0x0009ffff] mapped at [ffff88000009fff0]
[    0.000000] Scanning 1 areas for low memory corruption
[    0.000000] RAMDISK: [mem 0x3630a000-0x3717cfff]
[    0.000000] ACPI: Early table checksum verification disabled
[    0.000000] ACPI: RSDP 0x00000000000E0000 000024 (v02 VBOX  )
[    0.000000] ACPI: XSDT 0x000000003FFF0030 00003C (v01 VBOX   VBOXXSDT 00000001 ASL  00000061)
[    0.000000] ACPI: FACP 0x000000003FFF00F0 0000F4 (v04 VBOX   VBOXFACP 00000001 ASL  00000061)
[    0.000000] ACPI: DSDT 0x000000003FFF0470 0021FF (v02 VBOX   VBOXBIOS 00000002 INTL 20180105)
[    0.000000] ACPI: FACS 0x000000003FFF0200 000040
[    0.000000] ACPI: FACS 0x000000003FFF0200 000040
[    0.000000] ACPI: APIC 0x000000003FFF02 005C (v02BO  VBXAC 00001 L 00000061)
[    0.000000] ACPI: SSDT 0x000000003FFF02A0 0001CC (v01 VBOX   VBOXCPUT 00000002 INTL 20180105)
[    0.000000] No NUMA configuration found
[    0.000000] Faking a node at [mem 0x0000000000000000-0x000000003ffeffff]
[    0.000000] NODE_DATA(0) allocated [mem 0x3ffeb000-0x3ffeffff]
[    0.000000] kvm-clock: Using msrs 4b564d01 and 4b564d00
[    0.000000] kvm-clock: cpu 0, msr 0:3ffe3001, primary cpu clock
[    0.000000] kvm-clock: using sched offset of 3304185040 cycles
[    0.000000] clocksource: kvm-clock: mask: 0xffffffffffffffff max_cycles: 0x1cd42e4dffb, max_idle_ns: 881590591483 ns
[    0.000000] Zone ranges:
[    0.000000]   DMA      [me0x00000000010-x000000fffff]
[    0.000000]   DM32  mem 0x00000000000-0x000000003ffeffff]
[    0.000000]   Normal   empty
[    0.000000]   Device   empty
[    0.000000] Movable zone start for each node
[  000000]ar mmoryodranges
[    0.000000]   node   0: [mem 0x0000000000001000-0x000000000009efff]
[    0.000000]   node   0: [mem 0x0000000000100000-0x0000003effff]
[   .00000Inme seupod0 mem x0000000010-000000ffff]
[   .000] AC: -Tmer  Pt:0x408   0.0000]OAIC0]ap_id , rsn 2, adrs fec0000,SI0-23
  0.0000] PIIN_SRCOV(b 0 bus_irq 0 global_irq 2 dfl dfl)
[    0.000000] ACPI: INT_SRC_OVR (bus 0 bus_irq 9 global_irq 9 low level)
[    0.000000] Using ACPI (MADT) for SMP configuration information
[    0.000000] smpboot: Allowing 2 CPUs, 0 hotplug CPUs
[    0.000000] PM: Registered nosave memory: [mem 0x00000000-0x00000fff][    0000]PM: Restednosavemery [me0x09000-00fff]
[  00000] : gitered sa memor [m x000a00-000effff
[   .00000] M:egsteredose emory:me0x000f00x000fffff]
  0.000] e0:me 0x40000000-0xfebfffff] available for PCI devices
[    0.000000] Booting paravirtualized kernel on KVM
[    0.000000] clocksource: refined-jiffies: mask: 0xffffffff max_cycles: 0xffffffff, max_idle_ns: 7645519600211568 ns
[    00000] sep_rcu:R_PU51 nr_puskits:512 nr_cpuds nr_odid1
[  00000] ERU:mbeded4 ge/cpu@fff00fc00000 s99544 r8192 d31528 u1048576
[    0.000000] PV qspinlock hash table entries: 256 (order: 0, 4096 bytes)
[    0.000000] Built 1 zonelists in Node order, mobility grouping on.  Total pages: 257912
[    0.000000] Policy zone: DMA32
[    0.000000] Kernel command line: BOOT_IMAGE=/boot/vmlinuz-4.4.0-135-generic root=LABEL=cloudimg-rootfs ro console=tty1 console=ttyS0
[    0.000000] PID hash table entries: 4096 (order: 3, 32768 bytes)
[    0.000000] Memory: 997720K/1048120K available (8554K kernel code, 1314K rwdata, 4004K rodata, 1516K init, 1316K bss, 50400K reserved, 0K cma-reserved)
[    0.000000] SLUB: HWalin=64, Order=0-3, MinObjects=0, CPUs=2, Nodes=1
[    0.000000] Kernel/User page tables isolation: enabled
[    0.000000] Hierarchical RCU implementation.
[    0.000000] 	Build-time adjustment of leaf fanout to 64.
[    0.000000] 	RCU restricting CPUs from NR_CPUS=512 to nr_cpu_ids=2.
[    0.000000] RCU: Adjusting geometry for rcu_fanout_leaf=64, nr_cpu_ids=2
[    0.000000] NR_IRQS:33024 nr_irqs:440 16
[    0.000000] Console: colour VGA+ 80x25
[    0.000000] console [tty1] enabled
[    0.000000] console [ttyS0] enabled
[    0.000000] tsc: Detected 3092.790 MHz processor
[    8.030808] Calibrating delay loop (skipped) preset value.. 6185.58 BogoMIPS (lpj=12371160)
[    8.032005] pid_max: default: 32768 minimum: 301
[    80326] ACPI: Core revision 20150930
[    8.062611] ACPI: 2 ACPI AML tables successfully acquired and loaded
[    8.063455] Security Framework initialized
[    8.063999] Yama: becoming mindful.
[    8.064499] AppArmor: AppArmor initialized
[    8.065100] Dentry cache hash table entries: 131072 (order: 8, 1048576 bytes)
[    8.066576] Inode-cache hash table entries: 65536 (order: 7, 524288 bytes)
[    8.142630] Mount-cache hash table entries: 2048 (order: 2, 16384 bytes)
[    8.143405] Mountpoint-cache hash table entries: 2048 (order: 2, 16384 bytes)
[    8.144332] Initializing cgroup subsys io
[    8.144875] Initializing cgroup subsys memory
[    8.145445] Initializing cgroup subsys devices
[    8.170300] Initializing cgroup subsys freezer
[    8.270048] Initializing cgroup subsys net_cls
[    8.360426] Initializing cgroup subsys perf_event
[    8.396931] Initializing cgroup subsys net_prio
[    8.397570] Initializing cgroup subsys hugetlb
[    8.398213] Initializing cgroup subsys pids
[    8.399586] mce: CPU supports 0 MCE banks
[    8.400169] Last level iTLB entries: 4KB 1024, 2MB 1024, 4MB 1024
[    8.400927] Last level dTLB entries: 4KB 1024, 2MB 1024, 4MB 1024, 1GB 4
[    8.401765] Spectre V2 : Mitigation: Full generic retpoline
[    8.402480] Spectre V2 : Speculation control IBPB not-supported IBRS not-supported
[    8.403311] Speculative Store Bypass: Vulnerable
[    8.405950] Freeing SMP alternatives memory: 32K
[    8.412488] ftrace: allocating 32266 entries in 127 pages
[    8.506086] smpboot: APIC(0) Converting physical 0 to logical package 0
[    8.512291] smpboot: Max logical packages: 1
[    8.616964] x2apic enabled
[    8.683702] Switched APIC routing to physical x2apic.
[    8.808149] ..TIMER: vector=0x30 apic1=0 pin1=2 apic2=-1 pin2=-1
[    9.069878] smpboot: CPU0: Intel(R) Core(TM) i5-4670S CPU @ 3.10GHz (family: 0x6, model: 0x3c, stepping: 0x3)
[    9.112457] Performance Events: unsupported p6 CPU model 60 no PMU driver, software events only.
[    9.113659] KVM setup paravirtual spinlock
[    9.114808] x86: Booting SMP configuration:
[    9.115368] .... node  #0, CPUs:      #1
[    9.115992] kvm-clock: cpu 1, msr 0:3ffe3041, secondary cpu clock
[    9.118910] mce: CPU supports 0 MCE banks
[    9.121240] x86: Booted up 1 node, 2 CPUs
[    9.122016] smpboot: Total of 2 processors activated (12371.16 BogoMIPS)
[    9.123128] devtmpfs: initialized
[    9.124641] evm: security.selinux
[    9.125146] evm: security.SMACK64
[    9.125651] evm: security.SMACK64EXEC
[    9.126254] evm: security.SMACK64TRANSMUTE
[    9.126822] evm: security.SMACK64MMAP
[    9.127328] evm: security.ima
[    9.127773] evm: security.capability
[    9.128434] clocksource: jiffies: mask: 0xffffffff max_cycles: 0xffffffff, max_idle_ns: 7645041785100000 ns
[    9.129677] futex hash table entries: 512 (order: 3, 32768 bytes)
[    9.130537] pinctrl core: initialized pinctrl subsystem
[    9.131263] RTC time: 14:46:26, date: 10/25/18
[    9.131992] NET: Registered protocol family 16
[    9.141716] cpuidle: using governor ladder
[    9.262511] cpuidle: using governor menu
[    9.352832] PCCT header not found.
[    9.395744] ACPI: bus type PCI registered
[    9.467952] acpiphp: ACPI Hot Plug PCI Controller Driver version: 0.5
[    9.468874] PCI: Using configuration type 1 for base access
[    9.483331] ACPI: Added _OSI(Module Device)
[    9.571052] ACPI: Added _OSI(Processor Device)
[    9.663423] ACPI: Added _OSI(3.0 _SCP Extensions)
[    9.714999] ACPI: Added _OSI(Processor Aggregator Device)
[    9.716367] ACPI: Executed 1 blocks of module-level executable AML code
[    9.718941] ACPI: Interpreter enabled
[    9.797754] ACPI: (supports S0 S5)
[    9.885122] ACPI: Using IOAPIC for interrupt routing
[    9.989453] PCI: Using host bridge windows from ACPI; if necessary, use "pci=nocrs" and report a bug
[   10.234196] ACPI: PCI Root Bridge [PCI0] (domain 0000 [bus 00-ff])
[   10.336314] acpi PNP0A03:00: _OSC: OS supports [ASPM ClockPM Segments MSI]
[   10.478987] acpi PNP0A03:00: _OSC: not requesting OS control; OS requires [ExtendedConfig ASPM ClockPM MSI]
[   10.670139] acpi PNP0A03:00: fail to add MMCONFIG information, can't access extended PCI configuration space under this bridge.
[   10.842783] PCI host bridge to bus 0000:00
[   10.843440] pci_bus 0000:00: root bus resource [io  0x0000-0x0cf7 window]
[   10.844216] pci_bus 0000:00: root bus resource [io  0x0d00-0xffff window]
[   10.844996] pci_bus 0000:00: root bus resource [mem 0x000a0000-0x000bffff window]
[   10.846028] pci_bus 0000:00: root bus resource [mem 0x40000000-0xfdffffff window]
[   10.848105] pci_bus 0000:00: root bus resource [bus 00-ff]
[   10.849835] pci 0000:00:01.1: legacy IDE quirk: reg 0x10: [io  0x01f0-0x01f7]
[   10.850670] pci 0000:00:01.1: legacy IDE quirk: reg 0x14: [io  0x03f6]
[   10.851536] pci 0000:00:01.1: legacy IDE quirk: reg 0x18: [io  0x0170-0x0177]
[   10.852346] pci 0000:00:01.1: legacy IDE quirk: reg 0x1c: [io  0x0376]
[   10.866783] pci 0000:00:07.0: quirk: [io  0x4000-0x403f] claimed by PIIX4 ACPI
[   10.944578] pci 0000:00:07.0: quirk: [io  0x4100-0x410f] claimed by PIIX4 SMB
[   11.114466] ACPI: PCI Interrupt Link [LNKA] (IRQs 5 9 10 *11)
[   11.128222] ACPI: PCI Interrupt Link [LNKB] (IRQs 5 9 *10 11)
[   11.129223] ACPI: PCI Interrupt Link [LNKC] (IRQs 5 *9 10 11)
[   11.130345] ACPI: PCI Interrupt Link [LNKD] (IRQs 5 9 10 *11)
[   11.254264] ACPI: Enabled 2 GPEs in block 00 to 07
[   11.376945] vgaarb: setting as boot device: PCI:0000:00:02.0
[   11.435715] vgaarb: device added: PCI:0000:00:02.0,decodes=io+mem,owns=io+mem,locks=none
[   11.436824] vgaarb: loaded
[   11.437271] vgaarb: bridge control possible 0000:00:02.0
[   11.438184] SCSI subsystem initialized
[   11.438851] ACPI: bus type USB registered
[   11.439449] usbcore: registered new interface driver usbfs
[   11.440161] usbcore: registered new interface driver hub
[   11.440869] usbcore: registered new device driver usb
[   11.529046] PCI: Using ACPI for IRQ routing
[   11.562545] NetLabel: Initializing
[   11.563081] NetLabel:  domain hash size = 128
[   11.563648] NetLabel:  protocols = UNLABELED CIPSOv4
[   11.564276] NetLabel:  unlabeled traffic allowed by default
[   11.565083] amd_nb: Cannot enumerate AMD northbridges
[   11.565802] clocksource: Switched to clocksource kvm-clock
[   11.708952] AppArmor: AppArmor Filesystem Enabled
  1.68] npPnAC it  2.077]np P AI:ou 3devices
[   22772344]]ccookkoorrce  ccpipp::mmssk: 0xfffff  aa__yyllss  xxffffff  max_ideenn::22887711224 ss

[   13.616029] NET: Registered prttccll famil  2
[   13886699]]TTCPeettabiihhedhhssh aall  nntries: 8192 (order: 4, 65536 bytes)
[   14.278360] TCP bind hash table entries: 8192 (order: 5, 131072 bytes)
[   14.279146] TCP: Hash tables configured (established 8192 bind 8192)
[   14.279907] UDP hash table entries: 512 (order: 2, 16384 bytes)
[   14.280614] UDP-Lite hash table entries: 512 (order: 2, 16384 bytes)
[   14.281399] NET: Registered protocol family 1
[   14.282007] pci 0000:00:00.0: Limiting direct PCI/PCI transfers
[   14.282740] pci 0000:00:01.0: Activating ISA DMA hang workarounds
[   14.283563] Unpacking initramfs...
[   444443446] Freeing initrd memory: 14796K
[   14.538327] RAPL PMU detected, API unit is 2^-32 Joules, 4 fixed counters 10737418240 ms ovfl timer
[   14.539450] hw unit of domain pp0-core 2^-0 Joules
[   14.540053] hw unit of domain package 2^-0 Joules
[   14.540647] hw unit of domain dram 2^-0 Joules
[   14.541219] hw unit of domain pp1-gpu 2^-0 Joules
[   14.541936] platform rtc_cmos: registered platform RTC device (no PNP device found)
[   14.542967] Scanning for low memory corruption every 60 seconds
[   14.544086] audit: initializing netlink subsys (disabled)
[   14.544761] audit: type=2000 audit(1540478785.641:1): initialized
[   14.545706] Initialise system trusted keyring
[   14.546612] HugeTLB registered 2 MB page size, pre-allocated 0 pages
[   14.548344] zbud: loaded
[   14.549079] VFS: Disk quotas dquot_6.6.0
[   14.549637] VFS: Dquot-cache hash table entries: 512 (order 0, 4096 bytes)
[   14.620033  squashfs:vvrriinn44.0 (0009/01/31) Phillip Lougher
[   15.006445] fuse init (API vession ..33)
[   552266119] Key tppe big_key registrrdd

[   55555511]]ttcc  eefiee  SS  llccssourc  aalirration: 3094.06  HH
[   155566498]AAllccttnn  MMA MOK and blacklist keyrings.
[   15556688]]KKyyttype asymmttii  registered
[   15.566689] Asymmetric key parser 'x509' registered
[   15.566753] Block layer SCSI generic (bsg) driver version 0.4 loaded (major 249)
[   15.566777] io scheduler noop registered
[   15.566788] io scheduler deadline registered (default)
[   15.566815] io scheduler cfq registered
[   15.56611]]ppiihhttplug: PCI Hot Plug PCI Core version: 0.5
[   15.566927] pciehp: PII Express Hot Plug Controller Driver version: 0.4
[   15.567051] ACPI: AC Adapter [AC] (on-line)
[   15.567101] input: Power Button as /devices/LNXSYSTM:00/LNXPWRBN:00/input/input0
[   15.567104] ACPI: Power Button [PWRF]
[   15.567168] input: Sleep Button as /devices/LNXSYSTM:00/LNXSLPBN:00/input/input1
[   15.567169] ACPI: Sleep Button [SLPF]
[   15.567269] GHES: HEST is not enabled!
[   16.186515] Serial: 8250/16550 driver, 32 ports, IRQ sharing enabled
[   16.507876] 00:02: ttyS0 at I/O 0x3f8 (irq = 4, base_baud = 115200) is a 16550A
[   16.847579] Linux agpgart interface v0.103
[   17.067742] loop: module loaded
[   17.068149] scsi host0: ata_piix
[   17.068195] scsi host1: ata_piix
[   17.068220] ata1: PATA max UDMA/33 cmd 0x1f0 ctl 0x3f6 bmdma 0xd000 irq 14
[   17.068220] ata2: PATA max UDMA/33 cmd 0x170 ctl 0x376 bmdma 0xd008 irq 15
[   17.068279] libphy: Fixed MDIO Bus: probed
[   17.068281] tun: Universal TUN/TAP device driver, 1.6
[   17.068281] tun: (C) 1999-2004 Max Krasnyansky <maxk@qualcomm.com>
[   17.068506] PPP generic driver version 2.4.2
[   17.068559] ehci_hcd: USB 2.0 'Enhanced' Host Controller (EHCI) Driver
[   17.068561] ehci-pci: EHCI PCI platform driver
[   17.068573] ehci-platform: EHCI generic platform driver
[   17.068579] ohci_hcd: USB 1.1 'Open' Host Controller (OHCI) Driver
[   17.068582] ohci-pci: OHCI PCI platform driver
[   17.068588] ohci-platform: OHCI generic platform driver
[   17.068593] uhci_hcd: USB Universal Host Controller Interface driver
[   17.068637] i8042: PNP: PS/2 Controller [PNP0303:PS2K,PNP0f03:PS2M] at 0x60,0x64 irq 1,12
[   17.069053] serio: i8042 KBD port at 0x60,0x64 irq 1
[   17.069056] serio: i8042 AUX port at 0x60,0x64 irq 12
[   17.069132] mousedev: PS/2 mouse device common for all mice
[   17.069346] input: AT Translated Set 2 keyboard as /devices/platform/i8042/serio0/input/input2
[   17.069605] rtc_cmos rtc_cmos: rtc core: registered rtc_cmos as rtc0
[   17.069665] rtc_cmos rtc_cmos: alarms up to one day, 114 bytes nvram
[   17.069670] i2c /dev entries driver
[   17.069752] device-mapper: uevent: version 1.0.3
[   17.069800] device-mapper: ioctl: 4.34.0-ioctl (2015-10-28) initialised: dm-devel@redhat.com
[   17.069815] ledtrig-cpu: registered to indicate activity on CPUs
[   17.070041] NET: Registered protocol family 10
[   17.070163] NET: Registered protocol famll  77

[   17.070171] Keyttype dns_resolve  reiittrrdd

[   17.070347] registrrdd tsssstassvversinn 1
[   77.000557]LLaadiggccompieed-in X.509 certificates
[   17.070886] LoadddXX5599ccrrt 'Build time autogenerated kernel key: b7189bb9996fd79c52efc1226b6676b25e4f6a2d'

[   17.779901] zswap: loaded using pool lzo/zbud
[   17.072239] Key type trusted registered
[   17.074141] Key type encrypted registered
[   17.074146] AppArmor: AppArmor sha1 policy hashing enabled
[   17.074147] ima: No TPM chip found, activating TPM-bypass!
[   17.074152] ima: Allocated hash algorithm: sha1
[   17.074161] evm: HMAC attrs: 0x1
[   17.074366]   Magicnnmmber: 6:624:789
[   17.136741] tt__mmss rtc_cmos: setting system clocktt  0088110-55114:66334 UTC (1540478794)
[   77.136822] BIOS EDD facility v0.16 2004-Jun-55  0 eeiiee  found
[   17.136222] EDD informttoo  oot vvailable.
[   20.766767] clocksource: tsc: mask: 0xffffffffffffffff max_cycles: 0x2c9962d1f34, max_idle_ns: 440795223521 ns
[   21.068316] Freeing unused kernel memory: 1516K
[   21.781911] Write protecting the kernel read-only data: 14336k
[   21.814539] Freeing unused kernel memory: 1672K
[   21.815283] Freeing unused kernel memory: 92K
Loading, please [   21.826769] random: systemd-udevd: uninitialized urandom read (16 bytes read, 3 bits of entropy available)
wait...
startin[   21.827269] random: udevadm: uninitialized urandom read (16 bytes read, 3 bits of entropy available)
g version 229
[   21.827285] random: udevadm: uninitialized urandom read (16 bytes read, 3 bits of entropy available)
[   21.833816] random: udevadm: uninitialized urandom read (16 bytes read, 3 bits of entropy available)
[   21.833848] random: udevadm: uninitialized urandom read (16 bytes read, 3 bits of entropy available)
[   21.834001] random: udevadm: uninitialized urandom read (16 bytes read, 3 bits of entropy available)
[   21.834038] random: udevadm: uninitialized urandom read (16 bytes read, 3 bits of entropy available)
[   21.834074] random: udevadm: uninitialized urandom read (16 bytes read, 3 bits of entropy available)
[   21.834112] random: udevadm: uninitialized urandom read (16 bytes read, 3 bits of entropy available)
[   21.834146] random: udevadm: uninitialized urandom read (16 bytes read, 3 bits of entropy available)
[   21.904895] e1000: Intel(R) PRO/1000 Network Driver - version 7.3.21-k8-NAPI
[   22.090259] e1000: Copyright (c) 1999-2006 Intel Corporation.
[   22.091970] Fusion MPT base driver 3.04.20
[   22.146231] Copyright (c) 1999-2008 LSI Corporation
[   22.155596] Fusion MPT SPI Host driver 3.04.20
[   22.337481] AVX2 version of gcm_enc/dec engaged.
[   22.468344] AES CTR mode by8 optimization enabled
[   22.472762] input: ImExPS/2 Generic Explorer Mouse as /devices/platform/i8042/serio1/input/input4
[   22.769550] e1000 0000:00:03.0 eth0: (PCI:33MHz:32-bit) 02:fb:a8:4c:29:d0
[   22.838213] e1000 0000:00:03.0 eth0: Intel(R) PRO/1000 Network Connection
[   22.839675] mptbase: ioc0: Initiating bringup
[   22.906287] ioc0: LSI53C1030 A0: Capabilities={Initiator}
[   23.707710] scsi host2: ioc0: LSI53C1030 A0, FwRev=00000000h, Ports=1, MaxQ=256, IRQ=20
[   24.537114] scsi 2:0:0:0: Direct-Access     VBOX     HARDDISK         1.0  PQ: 0 ANSI: 5
[   24.768643] scsi target2:0:0: Beginning Domain Validation
[   24.867710] scsi target2:0:0: Domain Validation skipping write tests
[   24.868546] scsi target2:0:0: Ending Domain Validation
[   24.869290] scsi target2:0:0: asynchronous
[   24.873887] scsi 2:0:1:0: Direct-Access     VBOX     HARDDISK         1.0  PQ: 0 ANSI: 5
[   24.876167] scsi target2:0:1: Beginning Domain Validation
[   24.878007] e1000 0000:00:08.0 eth1: (PCI:33MHz:32-bit) 08:00:27:d4:5a:64
[   24.878011] e1000 0000:00:08.0 eth1: Intel(R) PRO/1000 Network Connection
[   25.197465] e1000 0000:00:08.0 enp0s8: renamed from eth1
[   25.688597] scsi target2:0:1: Domain Validation skipping write tests
[   25.689488] scsi target2:0:1: Ending Domain Validation
[   25.697447] e1000 0000:00:03.0 enp0s3: renamed from eth0
[   26.306897] scsi target2:0:1: asynchronous
[   26.401579] sd 2:0:0:0: Attached scsi generic sg0 type 0
[   26.401601] sd 2:0:0:0: [sda] 20971520 512-byte logical blocks: (10.7 GB/10.0 GiB)
[   26.401738] sd 2:0:0:0: [sda] Write Protect is off
[   26.401796] sd 2:0:0:0: [sda] Incomplete mode parameter data
[   26.401797] sd 2:0:0:0: [sda] Assuming drive cache: write through
[   26.434884]  sda: sda1
[   26.435505] sd 2:0:0:0: [sda] Attached SCSI disk
[   27.429358] sd 2:0:1:0: [sdb] 20480 512-byte logical blocks: (10.5 MB/10.0 MiB)
[   27.430693] sd 2:0:1:0: Attached scsi generic sg1 type 0
[   27.431413] sd 2:0:1:0: [sdb] Write Protect is off
[   27.432155] sd 2:0:1:0: [sdb] Incomplete mode parameter data
[   27.432877] sd 2:0:1:0: [sdb] Assuming drive cache: write through
[   27.463138] sd 2:0:1:0: [sdb] Attached SCSI disk
Begin: Loading e[   28.855141] md: linear personality registered for level -1
ssential drivers ... [   29.009044] md: multipath personality registered for level -4
[   29.011592] md: raid0 personality registered for level 0
[   29.399304] md: raid1 personality registered for level 1
[   29.589820] raid6: sse2x1   gen() 11656 MB/s
[   29.753836] raid6: sse2x1   xor()  9130 MB/s
[   29.853836] raid6: sse2x2   gen() 14897 MB/s
[   29.957834] raid6: sse2x2   xor()  9430 MB/s
[   30.061819] raid6: sse2x4   gen() 16389 MB/s
[   30.249834] raid6: sse2x4   xor() 11672 MB/s
[   30.373815] raid6: avx2x1   gen() 21387 MB/s
[   30.541855] raid6: avx2x2   gen() 26583 MB/s
[   30.713833] raid6: avx2x4   gen() 29730 MB/s
[   30.829974] raid6: using algorithm avx2x4 gen() 29730 MB/s
[   30.857147] raid6: using avx2x2 recovery algorithm
[   30.858997] xor: automatically using best checksumming function:
[   30.918608]    avx       : 77717.000 MB/sec
[   31.027629] async_tx: api initialized (async)
[   31.145946] md: raid6 personality registered for level 6
[   31.279453] md: raid5 personality registered for level 5
[   31.334201] md: raid4 personality registered for level 4
[   31.473949] md: raid10 personality registered for level 10
done.
Begin: Running /scripts/init-pre[   31.850900] Btrfs loaded
mount ... done.
Begin: Mounting root file system ... Begin: Running /scripts/local-top ... done.
Begin: Running /scripts/local[   32.067481] EXT4-fs (sda1): mounted filesystem with ordered data mode. Opts: (null)
-premount ... Scanning for Btrfs filesystems
done.
Warning: fsck not present, so skipping root file system
done.
Begin: Running /scripts/local-bottom ... done.
Begin: Running /scripts/init-bottom ... done.
[   22885577]]sssseedd11::sssseedd2299rrnniing in system mod..((PPMM++UUIIT +SELINUX +IMA +APPARMRR++MMCCK +SYSVINIT +UTPP++LIBCRYPTSETUP +GCRYPT +GNUTLS +ACL +XZ -LZ4 +SECCOMP +BLKID +ELFUTILS +KMOD -IDN)
[   33.747981] system[[]]  eeeettdd viruullzzttoo  rracle.

[   3..226600  yyttem[[]]  eeeettddaarchieettrr  x86-64.

Welcome to [1mUbuntu 16.04.5 LTS[0m!

[   34.61133]]ssystemd[1]: Set hostname to <ubuntu-xenial..

[   35.025967] random: nonblocking pool is initialized
[   55665533]]ssystemd[1]: Reccee  aaggttSSsseem Tiee Synchooiiee..

[[0;32m  OK  [0m] Reached target System Time Synchronized.
[   36336666]]sssseedd11::CCrettddssiieeSSssee  llice.
[[0;32m  OK  [0m] Created slice System Slice.
[   368888675] systemd[1::CCeettddssiice Uee  nn  eessoon llcc..

[[0;32m  OK  [0m] Created slice User and Session Slice.
[   77339815]]sssseedd11]: Raahhddttrree  llccss
[[0;32m  OK  [0m] Reached target Slices.
[   378866207] systemd11::LLsseeniggoon SyslggSSocket.
[[0;32m  OK  [0m] Listening on Syslog Socket.
[   38.338742] systemd[1::LLssteningoo  ddvv/initctl Compatibility Named Pipe.
[[0;32m  OK  [0m] Listening on /dev/initctl Compatibility Named Pipe.
[   38.76611]]sssseedd11::CCreate  llice system-serial\x2dgetty.slice.
[[0;32m  OK  [0m] Created slice system-serial\x2dgetty.slice.
[   39117763]]sssseedd[1]: Listening on Journal Audit Socket.
[[0;32m  OK  [0m] Listening on Journal Audit Socket.
[   39.351086] systemd[1]: Started Trigger resolvconf update for networkd DNS.
[[0;32m  OK  [0m] Started Trigger resolvconf update for networkd DNS.
[   39.402415] systemd[1]: Listening on LVM2 metadata daemon socket.
[[0;32m  OK  [0m] Listening on LVM2 metadata daemon socket.
[   39.47024]]sssseedd11::RRaahhddttrree  nncrypee  ooluee..

[[0;32m  OK  [0m] Reached target Encrypted Volumes.
[   40.054492] yyttmm[[]]  ee  pp automuuttAAbbttaayyEExecuaall  iieeFFrrmassFFll  yystmmAAttmmuuttPPoitt
[[0;32m  OK  [0m] Set up automount Arbitrary Executab...ats File System Automount Point.
[   110042361] systemd[1]: Listening on udev Control Socket.
[[0;32m  OK  [0m] Listening on udev Control Socket.
[   41.186196] systemd11::LListening on udev Kernel Socket.
[[0;32m  OK  [0m] Listening on udev Kernel Socket.
[   41.370999] systemd[1]: Listening on Journal Socket (/dev/log).
[[0;32m  OK  [0m] Listening on Journal Socket (/dev/log).
[   41.372433] systemd[1]: Reached target User and Group Name Lookups.
[[0;32m  OK  [0m] Reached target User and Group Name Lookups.
[   41.373945] systemd[1]: Listening on Journal Socket.
[[0;32m  OK  [0m] Listening on Journal Socket.
[   41.386017] systemd[1]: Starting Uncomplccttddffrrwwlll...
         Starting Uncomplicated firewall...
[   41.686358] systemd[1]: Starting Load Kernel Modules...
[   41.894093] Loading iSCSI transport class v2.0-870.
         Starting Load Kernel Modules...
[   42.163231] iscsi: registered transport (tcp)
[   42.745967] systemd[1]: Mounting POSIX Message Queue File System...
         Mounting POSIX Message Queue File System...
[   43.074284] systemd[1]: Starting Create list of required static device nodes for the current kernel...
[   43.314533] iscsi: registered transport (iser)
         Starting Create list of required st... nodes for the current kernel...
[   43.494310] systemd[1]: Starting Nameserver information manager...
         Starting Nameserver information manager...
[   43.528442] systemd[1]: Starting Journal Service...
         Starting Journal Service...
[   43.544457] systemd[1]: StrriingSStt console keymap...
         Starting Set console keymap...
[   43.80999]]sssseedd11]: Muuttnn  uueePPages File System...
         Mounting Huge Pages File System...
[   44.354010] systemd[1]: Mountnng Debug File System...
         Mounting Debug File System...
[   44.610019] systemd[1]: Started Forward Password Requests to Wall Directory Watch.
[[0;32m  OK  [0m] Started Forward Password Requests to Wall Directory Watch.
[   44.612053] systemd[1]: Listening on LVM2 poll daemon socket.
[[0;32m  OK  [0m] Listening on LVM2 poll daemon socket.
[   44.613554] systemd[1]: Listening on Device-mapper event daemon FIFOs.
[[0;32m  OK  [0m] Listening on Device-mapper event daemon FIFOs.
[   44.615670] systemd[1]: Starting Monitoring of LVM2 mirrors, snapshots etc. using dmeventd or progress pollin....
         Starting Monitoring of LVM2 mirrors... dmeventd or progress polling...
[   448866263]sssseedd11::RRaachedttrree  wwpp
[[0;32m  OK  [0m] Reached target Swap.
[   45.346170] systedd11]: Startnn  eeoonn  oottaaddKKrreel File Systems...

[   4..776677  XX44-fs (sda1): re-mounted. Opts: (null)
         Starting Remount Root and Kernel File Systems...
[   46.011192] systemd[1]: Mounted POSIX Message Queue File System.
[[0;32m  OK  [0m] Mounted POSIX Message Queue File System.
[   46.012612] systemd[1]: Mounted Debug File System.
[[0;32m  OK  [0m] Mounted Debug File System.
[   46.013891] systemd[1]: Mounted Huge Pages File System.
[[0;32m  OK  [0m] Mounted Huge Pages File System.
[   46.015229] systemd[1]: Started Journal Service.
[[0;32m  OK  [0m] Started Journal Service.
[[0;32m  OK  [0m] Started Uncomplicated firewall.
[[0;32m  OK  [0m] Started Load Kernel Modules.
[[0;32m  OK  [0m] Started Create list of required sta...ce nodes for the current kernel.
[[0;32m  OK  [0m] Started Set console keymap.
[[0;32m  OK  [0m] Started Remount Root and Kernel File Systems.
[[0;32m  OK  [0m] Started Nameserver information manager.
[[0;32m  OK  [0m] Started LVM2 metadata daemon.
         Starting udev Coldplug all Devices...
         Starting Load/Save Random Seed...
         Starting Create Static Device Nodes in /dev...
         Starting Apply Kernel Variables...
         Mounting FUSE Control File System...
         Starting Flush Journal to Persistent Storage...
[[0;32m  OK  [0m] Mounted FUSE Control File System.
[[0;32m  OK  [0m] Started Monitoring of LVM2 mirrors,...ng dmeventd or progress polling.
[[0;32m  OK  [0m] Started Load/Save Random Seed.
[[0;32m  OK  [0m] Started Create Static Device Nodes in /dev.
[[0;32m  OK  [0m] Started Apply Kernel Variables.
[[0;32m  OK  [0m] Started udev Coldplug all Devices.
         Starting udev Kernel Device Manager...
[[0;32m  OK  [0m] Started Flush Journal to Persistent Storage.
[[0;32m  OK  [0m] Started udev Kernel Device Manager.
[[0;32m  OK  [0m] Reached target Local File Systems (Pre).
[[0;32m  OK  [0m] Reached target Local File Systems.
         Starting Initial cloud-init job (pre-networking)...
         Starting LSB: AppArmor initialization...
         Starting Tell Plymouth To Write Out Runtime Data...
         Starting Create Volatile Files and Directories...
         Starting Set console font and keymap...
[[0;32m  OK  [0m] Started Dispatch Password Requests to Console Directory Watch.
[[0;32m  OK  [0m] Started Tell Plymouth To Write Out Runtime Data.
[[0;32m  OK  [0m] Started Create Volatile Files and Directories.
[[0;32m  OK  [0m] Found device /dev/ttyS0.
[[0;32m  OK  [0m] Listening on Load/Save RF Kill Switch Status /dev/rfkill Watch.
         Starting Update UTMP about System Boot/Shutdown...
[[0;32m  OK  [0m] Started Update UTMP about System Boot/Shutdown.
[[0;32m  OK  [0m] Started Set console font and keymap.
[[0;32m  OK  [0m] Created slice system-getty.slice.
[[0;32m  OK  [0m] Started LSB: AppArmor initialization.
[   39.917393] cloud-init[479]: Cloud-init v. 18.3-9-g2e62cb8a-0ubuntu1~16.04.2 running 'init-local' at Thu, 25 Oct 2018 14:47:08 +0000. Up 39.38 seconds.
[[0;32m  OK  [0m] Started Initial cloud-init job (pre-networking).
[[0;32m  OK  [0m] Reached target Network (Pre).
         Starting Raise network interfaces...
[[0;32m  OK  [0m] Started ifup for enp0s8.
[[0;32m  OK  [0m] Started ifup for enp0s3.
[[0;32m  OK  [0m] Started Raise network interfaces.
[[0;32m  OK  [0m] Reached target Network.
         Starting Initial cloud-init job (metadata service crawler)...
[   41.404491] cloud-init[1052]: Cloud-init v. 18.3-9-g2e62cb8a-0ubuntu1~16.04.2 running 'init' at Thu, 25 Oct 2018 14:47:09 +0000. Up 40.69 seconds.
[   41.504634] cloud-init[1052]: ci-info: ++++++++++++++++++++++++++++++++++++++Net device info+++++++++++++++++++++++++++++++++++++++
[   41.505013] cloud-init[1052]: ci-info: +--------+------+-----------------------------+---------------+--------+-------------------+
[[0;32m  OK  [0m] Started Initial cloud-init job (metadata service crawler).
[   41.505175] cloud-init[1052]: ci-info: | Device |  Up  |           Address           |      Mask     | Scope  |     Hw-Address    |
[   41.590962] cloud-init[1052]: ci-info: +--------+------+-----------------------------+---------------+--------+-------------------+
[   41.591188] cloud-init[1052]: ci-info: | enp0s3 | True |          10.0.2.15          | 255.255.255.0 | global | 02:fb:a8:4c:29:d0 |
[   41.591428] cloud-init[1052]: ci-info: | enp0s3 | True |  fe80::fb:a8ff:fe4c:29d0/64 |       .       |  link  | 02:fb:a8:4c:29:d0 |
[   41.591561] cloud-init[1052]: ci-info: | enp0s8 | True |        192.168.33.10        | 255.255.255.0 | global | 08:00:27:d4:5a:64 |
[   41.591679] cloud-init[1052]: ci-info: | enp0s8 | True | fe80::a00:27ff:fed4:5a64/64 |       .       |  link  | 08:00:27:d4:5a:64 |
[   41.591803] cloud-init[1052]: ci-info: |   lo   | True |          127.0.0.1          |   255.0.0.0   |  host  |         .         |
[   41.591927] cloud-init[1052]: ci-info: |   lo   | True |           ::1/128           |       .       |  host  |         .         |
[   41.592199] cloud-init[1052]: ci-info: +--------+------+-----------------------------+---------------+--------+-------------------+
[   41.592316] cloud-init[1052]: ci-info: ++++++++++++++++++++++++++++Route IPv4 info++++++++++++++++++++++++++++
[   41.592438] cloud-init[1052]: ci-info: +-------+--------------+----------+---------------+-----------+-------+
[   41.592563] cloud-init[1052]: ci-info: | Route | Destination  | Gateway  |    Genmask    | Interface | Flags |
[   41.592686] cloud-init[1052]: ci-info: +-------+--------------+----------+---------------+-----------+-------+
[   41.592817] cloud-init[1052]: ci-info: |   0   |   0.0.0.0    | 10.0.2.2 |    0.0.0.0    |   enp0s3  |   UG  |
[   41.592939] cloud-init[1052]: ci-info: |   1   |   10.0.2.0   | 0.0.0.0  | 255.255.255.0 |   enp0s3  |   U   |
[   41.593062] cloud-init[1052]: ci-info: |   2   | 192.168.33.0 | 0.0.0.0  | 255.255.255.0 |   enp0s8  |   U   |
[   41.593185] cloud-init[1052]: ci-info: +-------+--------------+----------+---------------+-----------+-------+
[   41.593310] cloud-init[1052]: ci-info: +++++++++++++++++++Route IPv6 info+++++++++++++++++++
[   41.593435] cloud-init[1052]: ci-info: +-------+-------------+---------+-----------+-------+
[   41.593573] cloud-init[1052]: ci-info: | Route | Destination | Gateway | Interface | Flags |
[   41.593685] cloud-init[1052]: ci-info: +-------+-------------+---------+-----------+-------+
[   41.593806] cloud-init[1052]: ci-info: |   0   |  fe80::/64  |    ::   |   enp0s8  |   U   |
[   41.593934] cloud-init[1052]: ci-info: |   1   |  fe80::/64  |    ::   |   enp0s3  |   U   |
[   41.594055] cloud-init[1052]: ci-info: |   4   |   ff00::/8  |    ::   |   enp0s8  |   U   |
[   41.594179] cloud-init[1052]: ci-info: |   5   |   ff00::/8  |    ::   |   enp0s3  |   U   |
[   41.594304] cloud-init[1052]: ci-info: +-------+-------------+---------+-----------+-------+
[[0;32m  OK  [0m] Reached target Cloud-config availability.
[[0;32m  OK  [0m] Reached target System Initialization.
[[0;32m  OK  [0m] Started Daily Cleanup of Temporary Directories.
[[0;32m  OK  [0m] Started Daily apt download activities.
[[0;32m  OK  [0m] Started Daily apt upgrade and clean activities.
[[0;32m  OK  [0m] Reached target Timers.
[[0;32m  OK  [0m] Listening on ACPID Listen Socket.
         Starting LXD - unix socket.
[[0;32m  OK  [0m] Listening on D-Bus System Message Bus Socket.
[[0;32m  OK  [0m] Listening on UUID daemon activation socket.
[[0;32m  OK  [0m] Started ACPI Events Check.
[[0;32m  OK  [0m] Reached target Paths.
         Starting Socket activation for snappy daemon.
[[0;32m  OK  [0m] Reached target Network is Online.
         Starting iSCSI initiator daemon (iscsid)...
[[0;32m  OK  [0m] Listening on LXD - unix socket.
[[0;32m  OK  [0m] Listening on Socket activation for snappy daemon.
[[0;32m  OK  [0m] Reached target Sockets.
[[0;32m  OK  [0m] Reached target Basic System.
         Starting Virtualbox guest utils...
         Starting Accounts Service...
[[0;32m  OK  [0m] Started Deferred execution scheduler.
         Starting LXD - container startup/shutdown...
[[0;32m  OK  [0m] Started Regular background program processing daemon.
         Starting LSB: MD monitoring daemon...
[[0;32m  OK  [0m] Started FUSE filesystem for LXC.
[[0;32m  OK  [0m] Started D-Bus System Message Bus.
         Starting /etc/rc.local Compatibility...
[[0;32m  OK  [0m] Started Unattended Upgrades Shutdown.
         Starting Login Service...
         Starting Snappy daemon...
         Starting System Logging Service...
         Starting LSB: Record successful boot for GRUB...
[[0;32m  OK  [0m] Started ACPI event daemon.
         Starting OpenBSD Secure Shell server...
[[0;32m  OK  [0m] Started iSCSI initiator daemon (iscsid).
[[0;32m  OK  [0m] Started /etc/rc.local Compatibility.
[[0;32m  OK  [0m] Started System Logging Service.
[[0;32m  OK  [0m] Started Login Service.
         Starting Authenticate and Authorize Users to Run Privileged Tasks...
         Starting Login to default iSCSI targets...
[[0;32m  OK  [0m] Started LSB: Record successful boot for GRUB.
[[0;32m  OK  [0m] Started LSB: MD monitoring daemon.
[[0;32m  OK  [0m] Started Login to default iSCSI targets.
[[0;32m  OK  [0m] Reached target Remote File Systems (Pre).
[[0;32m  OK  [0m] Reached target Remote File Systems.
         Starting LSB: Set the CPU Frequency Scaling governor to "ondemand"...
         Starting LSB: daemon to balance interrupts for SMP systems...
         Starting LSB: automatic crash report generation...
         Starting Permit User Sessions...
[[0;32m  OK  [0m] Started Authenticate and Authorize Users to Run Privileged Tasks.
[[0;32m  OK  [0m] Started Accounts Service.
[[0;32m  OK  [0m] Started LSB: Set the CPU Frequency Scaling governor to "ondemand".
[[0;32m  OK  [0m] Started Permit User Sessions.
[[0;32m  OK  [0m] Started Virtualbox guest utils.
         Starting Hold until boot process finishes up...
         Starting Terminate Plymouth Boot Screen...
[[0;32m  OK  [0m] Started OpenBSD Secure Shell server.
[[0;32m  OK  [0m] Started LSB: daemon to balance interrupts for SMP systems.
[[0;32m  OK  [0m] Started LSB: automatic crash report generation.
[[0;32m  OK  [0m] Started Hold until boot process finishes up.
[[0;32m  OK  [0m] Started Terminate Plymouth Boot Screen.
[[0;32m  OK  [0m] Started Serial Getty on ttyS0.
[[0;32m  OK  [0m] Started Getty on tty1.
[[0;32m  OK  [0m] Reached target Login Prompts.
         Starting Set console scheme...
[[0;32m  OK  [0m] Started LXD - container startup/shutdown.
[[0;32m  OK  [0m] Started Set console scheme.
[[0;32m  OK  [0m] Created slice User Slice of vagrant.
[[0;32m  OK  [0m] Started Session 1 of user vagrant.
         Starting User Manager for UID 1000...
[[0;32m  OK  [0m] Started Snappy daemon.
[[0;32m  OK  [0m] Started User Manager for UID 1000.
         Starting Wait until snapd is fully seeded...
[[0;32m  OK  [0m] Started Wait until snapd is fully seeded.
         Starting Apply the settings specified in cloud-config...
[[0;32m  OK  [0m] Reached target Multi-User System.
[[0;32m  OK  [0m] Reached target Graphical Interface.
         Starting Update UTMP about System Runlevel Changes...
[[0;32m  OK  [0m] Started Update UTMP about System Runlevel Changes.
[   47.702130] cloud-init[1309]: Cloud-init v. 18.3-9-g2e62cb8a-0ubuntu1~16.04.2 running 'modules:config' at Thu, 25 Oct 2018 14:47:16 +0000. Up 47.57 seconds.
[[0;32m  OK  [0m] Started Apply the settings specified in cloud-config.
         Starting Execute cloud user/final scripts...
[   48.144845] cloud-init[1362]: Cloud-init v. 18.3-9-g2e62cb8a-0ubuntu1~16.04.2 running 'modules:final' at Thu, 25 Oct 2018 14:47:16 +0000. Up 48.03 seconds.
[   48.259222] [cloud-init[0;32m  OK  [0m[1362]: ] Cloud-init v. 18.3-9-g2e62cb8a-0ubuntu1~16.04.2 finished at Thu, 25 Oct 2018 14:47:16 +0000. Datasource DataSourceNoCloud [seed=/dev/sdb][dsmode=net].  Up 48.13 secondsStarted Execute cloud user/final scripts.

[[0;32m  OK  [0m] Reached target Cloud-init target.

Ubuntu 16.04.5 LTS ubuntu-xenial ttyS0

ubuntu-xenial login:          Stn         Stopping Serial Getty on ttyS0...
         Stopping LSB: Record successful boot for GRUB...
         Stopping FUSE filesystem for LXC...
         Stopping Deferred execution scheduler...
         Stopping Regular background program processing daemon...
[[0;32m  OK  [0m] Closed Load/Save RF Kill Switch Status /dev/rfkill Watch.
         Stopping User Manager for UID 1000...
         Stopping System Logging Service...
         Stopping D-Bus System Message Bus...
         Stopping LSB: MD monitoring daemon...
         Stopping Accounts Service...
         Stopping LSB: Set the CPU Frequency Scaling governor to "ondemand"...
         Stopping LSB: daemon to balance interrupts for SMP systems...
[[0;32m  OK  [0m] Stopped Daily Cleanup of Temporary Directories.
[[0;32m  OK  [0m] Stopped Daily apt download activities.
[[0;32m  OK  [0m] Stopped target System Time Synchronized.
         Stopping Session 2 of user vagrant.
         Stopping LXD - container startup/shutdown...
         Stopping Virtualbox guest utils...
         Stopping Unattended Upgrades Shutdown...
         Stopping ACPI event daemon...
         Stopping OpenBSD Secure Shell server...
[[0;32m  OK  [0m] Stopped Apply the settings specified in cloud-config.
[[0;32m  OK  [0m] Stopped target Cloud-config availability.
         Stopping LSB: automatic crash report generation...
[[0;32m  OK  [0m] Stopped Wait until snapd is fully seeded.
         Stopping Snappy daemon...
[[0;32m  OK  [0m] Unmounted /var/lib/lxcfs.
[[0;32m  OK  [0m] Stopped Accounts Service.
[[0;32m  OK  [0m] Stopped Deferred execution scheduler.
[[0;32m  OK  [0m] Stopped Regular background program processing daemon.
[[0;32m  OK  [0m] Stopped Snappy daemon.
[[0;32m  OK  [0m] Stopped System Logging Service.
[[0;32m  OK  [0m] Stopped ACPI event daemon.
[[0;32m  OK  [0m] Stopped OpenBSD Secure Shell server.
[[0;32m  OK  [0m] Stopped Authenticate and Authorize Users to Run Privileged Tasks.
[[0;32m  OK  [0m] Stopped Serial Getty on ttyS0.
[[0;32m  OK  [0m] Stopped Getty on tty1.
[[0;32m  OK  [0m] Stopped User Manager for UID 1000.
[[0;32m  OK  [0m] Stopped D-Bus System Message Bus.
[[0;32m  OK  [0m] Stopped Session 2 of user vagrant.
[[0;32m  OK  [0m] Stopped Unattended Upgrades Shutdown.
[[0;32m  OK  [0m] Stopped FUSE filesystem for LXC.
[[0;32m  OK  [0m] Stopped LSB: Record successful boot for GRUB.
[[0;32m  OK  [0m] Stopped LSB: MD monitoring daemon.
[[0;32m  OK  [0m] Stopped LSB: Set the CPU Frequency Scaling governor to "ondemand".
[[0;32m  OK  [0m] Stopped LSB: daemon to balance interrupts for SMP systems.
[[0;32m  OK  [0m] Stopped LXD - container startup/shutdown.
[[0;32m  OK  [0m] Removed slice User Slice of vagrant.
         Stopping Login Service...
[[0;32m  OK  [0m] Removed slice system-getty.slice.
[[0;32m  OK  [0m] Stopped /etc/rc.local Compatibility.
[[0;32m  OK  [0m] Removed slice system-serial\x2dgetty.slice.
         Stopping Permit User Sessions...
[[0;32m  OK  [0m] Stopped Login Service.
[[0;32m  OK  [0m] Stopped Virtualbox guest utils.
[[0;32m  OK  [0m] Stopped LSB: automatic crash report generation.
[[0;32m  OK  [0m] Stopped Permit User Sessions.
[[0;32m  OK  [0m] Stopped target Remote File Systems.
[[0;32m  OK  [0m] Stopped target Remote File Systems (Pre).
         Stopping Login to default iSCSI targets...
[[0;32m  OK  [0m] Stopped target Basic System.
[[0;32m  OK  [0m] Stopped target Paths.
[[0;32m  OK  [0m] Stopped Dispatch Password Requests to Console Directory Watch.
[[0;32m  OK  [0m] Stopped Forward Password Requests to Wall Directory Watch.
[[0;32m  OK  [0m] Stopped ACPI Events Check.
[[0;32m  OK  [0m] Stopped target Slices.
[[0;32m  OK  [0m] Stopped target Sockets.
[[0;32m  OK  [0m] Closed ACPID Listen Socket.
[[0;32m  OK  [0m] Closed Socket activation for snappy daemon.
[[0;32m  OK  [0m] Closed UUID daemon activation socket.
[[0;32m  OK  [0m] Closed LXD - unix socket.
[[0;32m  OK  [0m] Closed Syslog Socket.
[[0;32m  OK  [0m] Removed slice User and Session Slice.
[[0;32m  OK  [0m] Stopped target User and Group Name Lookups.
[[0;32m  OK  [0m] Closed D-Bus System Message Bus Socket.
[[0;32m  OK  [0m] Stopped target System Initialization.
[[0;32m  OK  [0m] Stopped Create Volatile Files and Directories.
         Stopping Load/Save Random Seed...
[[0;32m  OK  [0m] Stopped target Swap.
[[0;32m  OK  [0m] Stopped target Encrypted Volumes.
[[0;32m  OK  [0m] Stopped Load/Save Random Seed.
[[0;32m  OK  [0m] Stopped Login to default iSCSI targets.
         Stopping iSCSI initiator daemon (iscsid)...
[[0;32m  OK  [0m] Stopped iSCSI initiator daemon (iscsid).
[[0;32m  OK  [0m] Stopped target Network is Online.
[[0;32m  OK  [0m] Stopped Initial cloud-init job (metadata service crawler).
[[0;32m  OK  [0m] Stopped target Network.
         Stopping Raise network interfaces...
[[0;32m  OK  [0m] Stopped Raise network interfaces.
[[0;32m  OK  [0m] Stopped Apply Kernel Variables.
[[0;32m  OK  [0m] Stopped Load Kernel Modules.
[[0;32m  OK  [0m] Stopped target Network (Pre).
[[0;32m  OK  [0m] Stopped Initial cloud-init job (pre-networking).
[[0;32m  OK  [0m] Stopped target Local File Systems.
         Unmounting /vagrant...
         Unmounting /var/www/html...
         Unmounting /run/user/1000...
[[0;32m  OK  [0m] Unmounted /vagrant.
[[0;32m  OK  [0m] Unmounted /var/www/html.
[[0;32m  OK  [0m] Unmounted /run/user/1000.
[[0;32m  OK  [0m] Reached target Unmount All Filesystems.
[[0;32m  OK  [0m] Stopped target Local File Systems (Pre).
         Stopping Monitoring of LVM2 mirrors... dmeventd or progress polling...
[[0;32m  OK  [0m] Stopped Remount Root and Kernel File Systems.
[[0;32m  OK  [0m] Stopped Create Static Device Nodes in /dev.
[[0;32m  OK  [0m] Reached target Shutdown.
[  560.855483] reboot: Power down
